<?xml version="1.0" encoding="UTF-8"?>
<testng-results skipped="0" failed="0" ignored="0" total="1" passed="1">
  <reporter-output>
  </reporter-output>
  <suite name="Default suite" duration-ms="2301" started-at="2019-02-26T12:35:56Z" finished-at="2019-02-26T12:35:59Z">
    <groups>
    </groups>
    <test name="Default test" duration-ms="2301" started-at="2019-02-26T12:35:56Z" finished-at="2019-02-26T12:35:59Z">
      <class name="testingNg.testng.DataInExcel">
        <test-method status="PASS" signature="createInstance()[pri:0, instance:testingNg.testng.DataInExcel@6f7fd0e6]" name="createInstance" is-config="true" duration-ms="1617" started-at="2019-02-26T12:35:56Z" finished-at="2019-02-26T12:35:58Z">
          <reporter-output>
          </reporter-output>
        </test-method> <!-- createInstance -->
        <test-method status="PASS" signature="validateResult()[pri:0, instance:testingNg.testng.DataInExcel@6f7fd0e6]" name="validateResult" duration-ms="596" started-at="2019-02-26T12:35:58Z" finished-at="2019-02-26T12:35:58Z">
          <reporter-output>
          </reporter-output>
        </test-method> <!-- validateResult -->
        <test-method status="PASS" signature="closeConnection()[pri:0, instance:testingNg.testng.DataInExcel@6f7fd0e6]" name="closeConnection" is-config="true" duration-ms="70" started-at="2019-02-26T12:35:58Z" finished-at="2019-02-26T12:35:59Z">
          <reporter-output>
          </reporter-output>
        </test-method> <!-- closeConnection -->
      </class> <!-- testingNg.testng.DataInExcel -->
    </test> <!-- Default test -->
  </suite> <!-- Default suite -->
</testng-results>
