<?xml version="1.0" encoding="UTF-8"?>
<testng-results skipped="0" failed="0" ignored="0" total="1" passed="1">
  <reporter-output>
  </reporter-output>
  <suite name="Default suite" duration-ms="3015" started-at="2019-03-01T06:49:16Z" finished-at="2019-03-01T06:49:19Z">
    <groups>
    </groups>
    <test name="Default test" duration-ms="3015" started-at="2019-03-01T06:49:16Z" finished-at="2019-03-01T06:49:19Z">
      <class name="login.testing.AppTest">
        <test-method status="PASS" signature="setup()[pri:0, instance:login.testing.AppTest@27efef64]" name="setup" is-config="true" duration-ms="2577" started-at="2019-03-01T06:49:16Z" finished-at="2019-03-01T06:49:19Z">
          <reporter-output>
          </reporter-output>
        </test-method> <!-- setup -->
        <test-method status="PASS" signature="PayRollOnlineNewTab()[pri:0, instance:login.testing.AppTest@27efef64]" name="PayRollOnlineNewTab" duration-ms="254" started-at="2019-03-01T06:49:19Z" finished-at="2019-03-01T06:49:19Z">
          <reporter-output>
          </reporter-output>
        </test-method> <!-- PayRollOnlineNewTab -->
        <test-method status="PASS" signature="CloseInstance()[pri:0, instance:login.testing.AppTest@27efef64]" name="CloseInstance" is-config="true" duration-ms="125" started-at="2019-03-01T06:49:19Z" finished-at="2019-03-01T06:49:19Z">
          <reporter-output>
          </reporter-output>
        </test-method> <!-- CloseInstance -->
      </class> <!-- login.testing.AppTest -->
    </test> <!-- Default test -->
  </suite> <!-- Default suite -->
</testng-results>
